################ Done decoding ################
results//translations/en_ic/en_ic.bpe.hyp.detokenized
results//translations/en_ic/en_ic.bpe.ref.detokenized
[
{
 "name": "BLEU",
 "score": 37.6,
 "signature": "nrefs:1|case:mixed|eff:no|tok:13a|smooth:exp|version:2.2.1",
 "verbose_score": "61.4/41.8/31.7/24.5 (BP = 1.000 ratio = 1.023 hyp_len = 39681419 ref_len = 38800665)",
 "nrefs": "1",
 "case": "mixed",
 "eff": "no",
 "tok": "13a",
 "smooth": "exp",
 "version": "2.2.1"
},
{
 "name": "chrF2",
 "score": 60.2,
 "signature": "nrefs:1|case:mixed|eff:yes|nc:6|nw:0|space:no|version:2.2.1",
 "nrefs": "1",
 "case": "mixed",
 "eff": "yes",
 "nc": "6",
 "nw": "0",
 "space": "no",
 "version": "2.2.1"
}
]
