################ Done decoding ################
results//translations/en_mt/en_mt.bpe.hyp.detokenized
results//translations/en_mt/en_mt.bpe.ref.detokenized
[
{
 "name": "BLEU",
 "score": 33.6,
 "signature": "nrefs:1|case:mixed|eff:no|tok:13a|smooth:exp|version:2.2.1",
 "verbose_score": "53.0/37.3/29.6/25.0 (BP = 0.967 ratio = 0.967 hyp_len = 30325503 ref_len = 31348007)",
 "nrefs": "1",
 "case": "mixed",
 "eff": "no",
 "tok": "13a",
 "smooth": "exp",
 "version": "2.2.1"
},
{
 "name": "chrF2",
 "score": 66.0,
 "signature": "nrefs:1|case:mixed|eff:yes|nc:6|nw:0|space:no|version:2.2.1",
 "nrefs": "1",
 "case": "mixed",
 "eff": "yes",
 "nc": "6",
 "nw": "0",
 "space": "no",
 "version": "2.2.1"
}
]
