################ Done decoding ################
results//translations/ic_en/ic_en.bpe.hyp.detokenized
results//translations/ic_en/ic_en.bpe.ref.detokenized
sacreBLEU: That's 100 lines that end in a tokenized period ('.')
sacreBLEU: It looks like you forgot to detokenize your test data, which may hurt your score.
sacreBLEU: If you insist your data is detokenized, or don't care, you can suppress this message with the `force` parameter.
[
{
 "name": "BLEU",
 "score": 39.2,
 "signature": "nrefs:1|case:mixed|eff:no|tok:13a|smooth:exp|version:2.2.1",
 "verbose_score": "66.6/46.0/35.0/27.3 (BP = 0.947 ratio = 0.948 hyp_len = 40603546 ref_len = 42825605)",
 "nrefs": "1",
 "case": "mixed",
 "eff": "no",
 "tok": "13a",
 "smooth": "exp",
 "version": "2.2.1"
},
{
 "name": "chrF2",
 "score": 60.8,
 "signature": "nrefs:1|case:mixed|eff:yes|nc:6|nw:0|space:no|version:2.2.1",
 "nrefs": "1",
 "case": "mixed",
 "eff": "yes",
 "nc": "6",
 "nw": "0",
 "space": "no",
 "version": "2.2.1"
}
]
